c:\users\01\source\repos\opengltest3\terraineditor\terraineditor\x64\debug\vc142.pdb
c:\users\01\source\repos\opengltest3\terraineditor\terraineditor\x64\debug\vc142.idb
c:\users\01\source\repos\opengltest3\terraineditor\terraineditor\x64\debug\glad.obj
c:\users\01\source\repos\opengltest3\terraineditor\terraineditor\x64\debug\main.obj
c:\users\01\source\repos\opengltest3\terraineditor\terraineditor\x64\debug\utils.obj
c:\users\01\source\repos\opengltest3\terraineditor\terraineditor\x64\debug\terrain.obj
c:\users\01\source\repos\opengltest3\terraineditor\terraineditor\x64\debug\skybox.obj
c:\users\01\source\repos\opengltest3\terraineditor\terraineditor\x64\debug\shader.obj
c:\users\01\source\repos\opengltest3\terraineditor\terraineditor\x64\debug\modelplace.obj
c:\users\01\source\repos\opengltest3\terraineditor\terraineditor\x64\debug\model.obj
c:\users\01\source\repos\opengltest3\terraineditor\terraineditor\x64\debug\camera.obj
c:\users\01\source\repos\opengltest3\terraineditor\terraineditor\x64\debug\terraineditor.ilk
c:\users\01\source\repos\opengltest3\terraineditor\x64\debug\terraineditor.exe
c:\users\01\source\repos\opengltest3\terraineditor\x64\debug\terraineditor.pdb
c:\users\01\source\repos\opengltest3\terraineditor\terraineditor\x64\debug\terraineditor.tlog\cl.command.1.tlog
c:\users\01\source\repos\opengltest3\terraineditor\terraineditor\x64\debug\terraineditor.tlog\cl.read.1.tlog
c:\users\01\source\repos\opengltest3\terraineditor\terraineditor\x64\debug\terraineditor.tlog\cl.write.1.tlog
c:\users\01\source\repos\opengltest3\terraineditor\terraineditor\x64\debug\terraineditor.tlog\link.command.1.tlog
c:\users\01\source\repos\opengltest3\terraineditor\terraineditor\x64\debug\terraineditor.tlog\link.read.1.tlog
c:\users\01\source\repos\opengltest3\terraineditor\terraineditor\x64\debug\terraineditor.tlog\link.write.1.tlog
